2025-12-14 01:48:52 +00:00: 
2025-12-14 01:48:52 +00:00: [1;31m[500] GET /sverdle[0m
2025-12-14 01:48:52 +00:00: Error: DATABASE_URL is not set
2025-12-14 01:48:52 +00:00:     at file:///home/starchild/workspace/WEB/zodiac-svelte/build/server/chunks/index5-B5s4oOWu.js:6676:38
2025-12-14 01:48:52 +00:00:     at ModuleJob.run (node:internal/modules/esm/module_job:413:25)
2025-12-14 01:48:52 +00:00:     at async onImport.tracePromise.__proto__ (node:internal/modules/esm/loader:654:26)
2025-12-14 01:48:52 +00:00:     at async Promise.all (index 1)
2025-12-14 01:48:52 +00:00:     at async internal_respond (file:///home/starchild/workspace/WEB/zodiac-svelte/build/server/index.js:5768:52)
2025-12-14 01:48:52 +00:00:     at async Array.ssr (file:///home/starchild/workspace/WEB/zodiac-svelte/build/handler.js:1306:3)
2025-12-14 01:49:39 +00:00: 
2025-12-14 01:49:39 +00:00: [1;31m[404] HEAD /.env[0m
2025-12-14 01:49:39 +00:00: 
2025-12-14 01:49:39 +00:00: [1;31m[404] HEAD /.env.local[0m
2025-12-14 01:49:39 +00:00: 
2025-12-14 01:49:39 +00:00: [1;31m[404] HEAD /.env.dev[0m
2025-12-14 01:49:39 +00:00: 
2025-12-14 01:49:39 +00:00: [1;31m[404] HEAD /.env.development[0m
2025-12-14 01:49:39 +00:00: 
2025-12-14 01:49:39 +00:00: [1;31m[404] HEAD /.env.prod[0m
2025-12-14 01:49:39 +00:00: 
2025-12-14 01:49:39 +00:00: [1;31m[404] HEAD /.env.production[0m
2025-12-14 01:49:39 +00:00: 
2025-12-14 01:49:39 +00:00: [1;31m[404] HEAD /.env.test[0m
2025-12-14 01:49:39 +00:00: 
2025-12-14 01:49:39 +00:00: [1;31m[404] HEAD /.env.example[0m
2025-12-14 01:49:39 +00:00: 
2025-12-14 01:49:39 +00:00: [1;31m[404] HEAD /.env.sample[0m
2025-12-14 01:49:39 +00:00: 
2025-12-14 01:49:39 +00:00: [1;31m[404] HEAD /.env.backup[0m
2025-12-14 01:49:39 +00:00: 
2025-12-14 01:49:39 +00:00: [1;31m[404] HEAD /.env.old[0m
2025-12-14 01:49:39 +00:00: 
2025-12-14 01:49:39 +00:00: [1;31m[404] HEAD /.env.save[0m
2025-12-14 01:49:39 +00:00: 
2025-12-14 01:49:39 +00:00: [1;31m[404] HEAD /.git/config[0m
2025-12-14 01:49:39 +00:00: 
2025-12-14 01:49:39 +00:00: [1;31m[404] HEAD /.git/HEAD[0m
2025-12-14 01:49:39 +00:00: 
2025-12-14 01:49:39 +00:00: [1;31m[404] HEAD /.gitignore[0m
2025-12-14 01:49:39 +00:00: 
2025-12-14 01:49:39 +00:00: [1;31m[404] HEAD /.gitmodules[0m
2025-12-14 01:49:39 +00:00: 
2025-12-14 01:49:39 +00:00: [1;31m[404] HEAD /.git/objects[0m
2025-12-14 01:49:39 +00:00: 
2025-12-14 01:49:39 +00:00: [1;31m[404] HEAD /.svn/entries[0m
2025-12-14 01:49:39 +00:00: 
2025-12-14 01:49:39 +00:00: [1;31m[404] HEAD /.hg/hgrc[0m
2025-12-14 01:49:39 +00:00: 
2025-12-14 01:49:39 +00:00: [1;31m[404] HEAD /config.json[0m
2025-12-14 01:49:39 +00:00: 
2025-12-14 01:49:39 +00:00: [1;31m[404] HEAD /config.yaml[0m
2025-12-14 01:49:39 +00:00: 
2025-12-14 01:49:39 +00:00: [1;31m[404] HEAD /config.yml[0m
2025-12-14 01:49:39 +00:00: 
2025-12-14 01:49:39 +00:00: [1;31m[404] HEAD /config.js[0m
2025-12-14 01:49:39 +00:00: 
2025-12-14 01:49:39 +00:00: [1;31m[404] HEAD /settings.py[0m
2025-12-14 01:49:39 +00:00: 
2025-12-14 01:49:39 +00:00: [1;31m[404] HEAD /settings.json[0m
2025-12-14 01:49:39 +00:00: 
2025-12-14 01:49:39 +00:00: [1;31m[404] HEAD /web.config[0m
2025-12-14 01:49:39 +00:00: 
2025-12-14 01:49:39 +00:00: [1;31m[404] HEAD /application.properties[0m
2025-12-14 01:49:39 +00:00: 
2025-12-14 01:49:39 +00:00: [1;31m[404] HEAD /appsettings.json[0m
2025-12-14 01:49:39 +00:00: 
2025-12-14 01:49:39 +00:00: [1;31m[404] HEAD /site.config[0m
2025-12-14 01:49:39 +00:00: 
2025-12-14 01:49:39 +00:00: [1;31m[404] HEAD /database.yml[0m
2025-12-14 01:49:40 +00:00: 
2025-12-14 01:49:40 +00:00: [1;31m[404] HEAD /local.xml[0m
2025-12-14 01:49:40 +00:00: 
2025-12-14 01:49:40 +00:00: [1;31m[404] HEAD /config/default.json[0m
2025-12-14 01:49:40 +00:00: 
2025-12-14 01:49:40 +00:00: [1;31m[404] HEAD /config/production.json[0m
2025-12-14 01:49:40 +00:00: 
2025-12-14 01:49:40 +00:00: [1;31m[404] HEAD /project/settings.py[0m
2025-12-14 01:49:40 +00:00: 
2025-12-14 01:49:40 +00:00: [1;31m[404] HEAD /myproject/settings.py[0m
2025-12-14 01:49:40 +00:00: 
2025-12-14 01:49:40 +00:00: [1;31m[404] HEAD /database.yml[0m
2025-12-14 01:49:40 +00:00: 
2025-12-14 01:49:40 +00:00: [1;31m[404] HEAD /application.yml[0m
2025-12-14 01:49:40 +00:00: 
2025-12-14 01:49:40 +00:00: [1;31m[404] HEAD /application-dev.yml[0m
2025-12-14 01:49:40 +00:00: 
2025-12-14 01:49:40 +00:00: [1;31m[404] HEAD /application-prod.yml[0m
2025-12-14 01:49:40 +00:00: 
2025-12-14 01:49:40 +00:00: [1;31m[404] HEAD /debug.log[0m
2025-12-14 01:49:40 +00:00: 
2025-12-14 01:49:40 +00:00: [1;31m[404] HEAD /error.log[0m
2025-12-14 01:49:40 +00:00: 
2025-12-14 01:49:40 +00:00: [1;31m[404] HEAD /access.log[0m
2025-12-14 01:49:40 +00:00: 
2025-12-14 01:49:40 +00:00: [1;31m[404] HEAD /server.log[0m
2025-12-14 01:49:40 +00:00: 
2025-12-14 01:49:40 +00:00: [1;31m[404] HEAD /laravel.log[0m
2025-12-14 01:49:40 +00:00: 
2025-12-14 01:49:40 +00:00: [1;31m[404] HEAD /system.log[0m
2025-12-14 01:49:40 +00:00: 
2025-12-14 01:49:40 +00:00: [1;31m[404] HEAD /app.log[0m
2025-12-14 01:49:40 +00:00: 
2025-12-14 01:49:40 +00:00: [1;31m[404] HEAD /production.log[0m
2025-12-14 01:49:40 +00:00: 
2025-12-14 01:49:40 +00:00: [1;31m[404] HEAD /dev.log[0m
2025-12-14 01:49:40 +00:00: 
2025-12-14 01:49:40 +00:00: [1;31m[404] HEAD /runtime.log[0m
2025-12-14 01:49:40 +00:00: 
2025-12-14 01:49:40 +00:00: [1;31m[404] HEAD /test.log[0m
2025-12-14 01:49:40 +00:00: 
2025-12-14 01:49:40 +00:00: [1;31m[404] HEAD /version.txt[0m
2025-12-14 01:49:40 +00:00: 
2025-12-14 01:49:40 +00:00: [1;31m[404] HEAD /readme.md[0m
2025-12-14 01:49:40 +00:00: 
2025-12-14 01:49:40 +00:00: [1;31m[404] HEAD /readme.txt[0m
2025-12-14 01:49:40 +00:00: 
2025-12-14 01:49:40 +00:00: [1;31m[404] HEAD /README[0m
2025-12-14 01:49:40 +00:00: 
2025-12-14 01:49:40 +00:00: [1;31m[404] HEAD /CHANGELOG[0m
2025-12-14 01:49:40 +00:00: 
2025-12-14 01:49:40 +00:00: [1;31m[404] HEAD /CHANGELOG.md[0m
2025-12-14 01:49:40 +00:00: 
2025-12-14 01:49:40 +00:00: [1;31m[404] HEAD /LICENSE[0m
2025-12-14 01:49:40 +00:00: 
2025-12-14 01:49:40 +00:00: [1;31m[404] HEAD /LICENSE.txt[0m
2025-12-14 01:49:40 +00:00: 
2025-12-14 01:49:40 +00:00: [1;31m[404] HEAD /humans.txt[0m
2025-12-14 01:49:40 +00:00: 
2025-12-14 01:49:40 +00:00: [1;31m[404] HEAD /docker-compose.yml[0m
2025-12-14 01:49:40 +00:00: 
2025-12-14 01:49:40 +00:00: [1;31m[404] HEAD /Dockerfile[0m
2025-12-14 01:49:40 +00:00: 
2025-12-14 01:49:40 +00:00: [1;31m[404] HEAD /docker-compose.override.yml[0m
2025-12-14 01:49:40 +00:00: 
2025-12-14 01:49:40 +00:00: [1;31m[404] HEAD /Vagrantfile[0m
2025-12-14 01:49:40 +00:00: 
2025-12-14 01:49:40 +00:00: [1;31m[404] HEAD /Procfile[0m
2025-12-14 01:49:40 +00:00: 
2025-12-14 01:49:40 +00:00: [1;31m[404] HEAD /Makefile[0m
2025-12-14 01:49:40 +00:00: 
2025-12-14 01:49:40 +00:00: [1;31m[404] HEAD /build.gradle[0m
2025-12-14 01:49:40 +00:00: 
2025-12-14 01:49:40 +00:00: [1;31m[404] HEAD /build.xml[0m
2025-12-14 01:49:40 +00:00: 
2025-12-14 01:49:40 +00:00: [1;31m[404] HEAD /pom.xml[0m
2025-12-14 01:49:40 +00:00: 
2025-12-14 01:49:40 +00:00: [1;31m[404] HEAD /package.json[0m
2025-12-14 01:49:40 +00:00: 
2025-12-14 01:49:40 +00:00: [1;31m[404] HEAD /package-lock.json[0m
2025-12-14 01:49:40 +00:00: 
2025-12-14 01:49:40 +00:00: [1;31m[404] HEAD /yarn.lock[0m
2025-12-14 01:49:40 +00:00: 
2025-12-14 01:49:40 +00:00: [1;31m[404] HEAD /composer.json[0m
2025-12-14 01:49:40 +00:00: 
2025-12-14 01:49:40 +00:00: [1;31m[404] HEAD /composer.lock[0m
2025-12-14 01:49:40 +00:00: 
2025-12-14 01:49:40 +00:00: [1;31m[404] HEAD /Gemfile[0m
2025-12-14 01:49:40 +00:00: 
2025-12-14 01:49:40 +00:00: [1;31m[404] HEAD /Gemfile.lock[0m
2025-12-14 01:49:40 +00:00: 
2025-12-14 01:49:40 +00:00: [1;31m[404] HEAD /requirements.txt[0m
2025-12-14 01:49:40 +00:00: 
2025-12-14 01:49:40 +00:00: [1;31m[404] HEAD /pipfile[0m
2025-12-14 01:49:40 +00:00: 
2025-12-14 01:49:40 +00:00: [1;31m[404] HEAD /pipfile.lock[0m
2025-12-14 01:49:40 +00:00: 
2025-12-14 01:49:40 +00:00: [1;31m[404] HEAD /poetry.lock[0m
2025-12-14 01:49:40 +00:00: 
2025-12-14 01:49:40 +00:00: [1;31m[404] HEAD /environment.yml[0m
2025-12-14 01:49:40 +00:00: 
2025-12-14 01:49:40 +00:00: [1;31m[404] HEAD /pnpm-lock.yaml[0m
2025-12-14 01:49:40 +00:00: 
2025-12-14 01:49:40 +00:00: [1;31m[404] HEAD /credentials.json[0m
2025-12-14 01:49:40 +00:00: 
2025-12-14 01:49:40 +00:00: [1;31m[404] HEAD /secrets.json[0m
2025-12-14 01:49:40 +00:00: 
2025-12-14 01:49:40 +00:00: [1;31m[404] HEAD /secret.key[0m
2025-12-14 01:49:40 +00:00: 
2025-12-14 01:49:40 +00:00: [1;31m[404] HEAD /apikey.txt[0m
2025-12-14 01:49:40 +00:00: 
2025-12-14 01:49:40 +00:00: [1;31m[404] HEAD /token.txt[0m
2025-12-14 01:49:40 +00:00: 
2025-12-14 01:49:40 +00:00: [1;31m[404] POST /graphql[0m
2025-12-14 01:49:40 +00:00: 
2025-12-14 01:49:40 +00:00: [1;31m[404] POST /api[0m
2025-12-14 01:49:40 +00:00: 
2025-12-14 01:49:40 +00:00: [1;31m[404] POST /api/graphql[0m
2025-12-14 01:49:40 +00:00: 
2025-12-14 01:49:40 +00:00: [1;31m[404] POST /graphql/api[0m
2025-12-14 01:49:40 +00:00: 
2025-12-14 01:49:40 +00:00: [1;31m[404] POST /api/gql[0m
2025-12-14 01:49:40 +00:00: 
2025-12-14 01:49:40 +00:00: [1;31m[404] POST /graphql[0m
2025-12-14 01:49:40 +00:00: 
2025-12-14 01:49:40 +00:00: [1;31m[404] POST /api[0m
2025-12-14 01:49:40 +00:00: 
2025-12-14 01:49:40 +00:00: [1;31m[404] POST /api/graphql[0m
2025-12-14 01:49:40 +00:00: 
2025-12-14 01:49:40 +00:00: [1;31m[404] POST /graphql/api[0m
2025-12-14 01:49:41 +00:00: 
2025-12-14 01:49:41 +00:00: [1;31m[404] POST /api/gql[0m
2025-12-14 01:49:42 +00:00: 
2025-12-14 01:49:42 +00:00: [1;31m[404] GET /swagger-ui.html[0m
2025-12-14 01:49:42 +00:00: 
2025-12-14 01:49:42 +00:00: [1;31m[404] GET /swagger-ui.html[0m
2025-12-14 01:49:43 +00:00: 
2025-12-14 01:49:43 +00:00: [1;31m[404] GET /swagger/index.html[0m
2025-12-14 01:49:43 +00:00: 
2025-12-14 01:49:43 +00:00: [1;31m[404] GET /swagger/index.html[0m
2025-12-14 01:49:44 +00:00: 
2025-12-14 01:49:44 +00:00: [1;31m[404] GET /swagger/swagger-ui.html[0m
2025-12-14 01:49:44 +00:00: 
2025-12-14 01:49:44 +00:00: [1;31m[404] GET /swagger/swagger-ui.html[0m
2025-12-14 01:49:44 +00:00: 
2025-12-14 01:49:44 +00:00: [1;31m[404] HEAD /.env[0m
2025-12-14 01:49:44 +00:00: 
2025-12-14 01:49:44 +00:00: [1;31m[404] HEAD /.env.local[0m
2025-12-14 01:49:44 +00:00: 
2025-12-14 01:49:44 +00:00: [1;31m[404] HEAD /.env.dev[0m
2025-12-14 01:49:44 +00:00: 
2025-12-14 01:49:44 +00:00: [1;31m[404] HEAD /.env.development[0m
2025-12-14 01:49:44 +00:00: 
2025-12-14 01:49:44 +00:00: [1;31m[404] HEAD /.env.prod[0m
2025-12-14 01:49:44 +00:00: 
2025-12-14 01:49:44 +00:00: [1;31m[404] HEAD /.env.production[0m
2025-12-14 01:49:44 +00:00: 
2025-12-14 01:49:44 +00:00: [1;31m[404] HEAD /.env.test[0m
2025-12-14 01:49:44 +00:00: 
2025-12-14 01:49:44 +00:00: [1;31m[404] HEAD /.env.example[0m
2025-12-14 01:49:44 +00:00: 
2025-12-14 01:49:44 +00:00: [1;31m[404] HEAD /.env.sample[0m
2025-12-14 01:49:44 +00:00: 
2025-12-14 01:49:44 +00:00: [1;31m[404] HEAD /.env.backup[0m
2025-12-14 01:49:44 +00:00: 
2025-12-14 01:49:44 +00:00: [1;31m[404] HEAD /.env.old[0m
2025-12-14 01:49:44 +00:00: 
2025-12-14 01:49:44 +00:00: [1;31m[404] HEAD /.env.save[0m
2025-12-14 01:49:44 +00:00: 
2025-12-14 01:49:44 +00:00: [1;31m[404] HEAD /.git/config[0m
2025-12-14 01:49:44 +00:00: 
2025-12-14 01:49:44 +00:00: [1;31m[404] HEAD /.git/HEAD[0m
2025-12-14 01:49:44 +00:00: 
2025-12-14 01:49:44 +00:00: [1;31m[404] HEAD /.gitignore[0m
2025-12-14 01:49:44 +00:00: 
2025-12-14 01:49:44 +00:00: [1;31m[404] HEAD /.gitmodules[0m
2025-12-14 01:49:44 +00:00: 
2025-12-14 01:49:44 +00:00: [1;31m[404] HEAD /.git/objects[0m
2025-12-14 01:49:44 +00:00: 
2025-12-14 01:49:44 +00:00: [1;31m[404] HEAD /.svn/entries[0m
2025-12-14 01:49:44 +00:00: 
2025-12-14 01:49:44 +00:00: [1;31m[404] HEAD /.hg/hgrc[0m
2025-12-14 01:49:44 +00:00: 
2025-12-14 01:49:44 +00:00: [1;31m[404] HEAD /config.json[0m
2025-12-14 01:49:44 +00:00: 
2025-12-14 01:49:44 +00:00: [1;31m[404] HEAD /config.yaml[0m
2025-12-14 01:49:44 +00:00: 
2025-12-14 01:49:44 +00:00: [1;31m[404] HEAD /config.yml[0m
2025-12-14 01:49:44 +00:00: 
2025-12-14 01:49:44 +00:00: [1;31m[404] HEAD /config.js[0m
2025-12-14 01:49:44 +00:00: 
2025-12-14 01:49:44 +00:00: [1;31m[404] HEAD /settings.py[0m
2025-12-14 01:49:44 +00:00: 
2025-12-14 01:49:44 +00:00: [1;31m[404] HEAD /settings.json[0m
2025-12-14 01:49:44 +00:00: 
2025-12-14 01:49:44 +00:00: [1;31m[404] HEAD /web.config[0m
2025-12-14 01:49:44 +00:00: 
2025-12-14 01:49:44 +00:00: [1;31m[404] HEAD /application.properties[0m
2025-12-14 01:49:44 +00:00: 
2025-12-14 01:49:44 +00:00: [1;31m[404] HEAD /appsettings.json[0m
2025-12-14 01:49:44 +00:00: 
2025-12-14 01:49:44 +00:00: [1;31m[404] HEAD /site.config[0m
2025-12-14 01:49:44 +00:00: 
2025-12-14 01:49:44 +00:00: [1;31m[404] HEAD /database.yml[0m
2025-12-14 01:49:44 +00:00: 
2025-12-14 01:49:44 +00:00: [1;31m[404] HEAD /local.xml[0m
2025-12-14 01:49:44 +00:00: 
2025-12-14 01:49:44 +00:00: [1;31m[404] HEAD /config/default.json[0m
2025-12-14 01:49:44 +00:00: 
2025-12-14 01:49:44 +00:00: [1;31m[404] HEAD /config/production.json[0m
2025-12-14 01:49:44 +00:00: 
2025-12-14 01:49:44 +00:00: [1;31m[404] HEAD /project/settings.py[0m
2025-12-14 01:49:44 +00:00: 
2025-12-14 01:49:44 +00:00: [1;31m[404] HEAD /myproject/settings.py[0m
2025-12-14 01:49:44 +00:00: 
2025-12-14 01:49:44 +00:00: [1;31m[404] HEAD /database.yml[0m
2025-12-14 01:49:44 +00:00: 
2025-12-14 01:49:44 +00:00: [1;31m[404] HEAD /application.yml[0m
2025-12-14 01:49:45 +00:00: 
2025-12-14 01:49:45 +00:00: [1;31m[404] HEAD /debug.log[0m
2025-12-14 01:49:45 +00:00: 
2025-12-14 01:49:45 +00:00: [1;31m[404] HEAD /error.log[0m
2025-12-14 01:49:45 +00:00: 
2025-12-14 01:49:45 +00:00: [1;31m[404] HEAD /access.log[0m
2025-12-14 01:49:45 +00:00: 
2025-12-14 01:49:45 +00:00: [1;31m[404] HEAD /laravel.log[0m
2025-12-14 01:49:45 +00:00: 
2025-12-14 01:49:45 +00:00: [1;31m[404] HEAD /system.log[0m
2025-12-14 01:49:45 +00:00: 
2025-12-14 01:49:45 +00:00: [1;31m[404] HEAD /runtime.log[0m
2025-12-14 01:49:45 +00:00: 
2025-12-14 01:49:45 +00:00: [1;31m[404] HEAD /application-dev.yml[0m
2025-12-14 01:49:45 +00:00: 
2025-12-14 01:49:45 +00:00: [1;31m[404] HEAD /application-prod.yml[0m
2025-12-14 01:49:45 +00:00: 
2025-12-14 01:49:45 +00:00: [1;31m[404] HEAD /server.log[0m
2025-12-14 01:49:45 +00:00: 
2025-12-14 01:49:45 +00:00: [1;31m[404] HEAD /app.log[0m
2025-12-14 01:49:45 +00:00: 
2025-12-14 01:49:45 +00:00: [1;31m[404] HEAD /production.log[0m
2025-12-14 01:49:45 +00:00: 
2025-12-14 01:49:45 +00:00: [1;31m[404] HEAD /dev.log[0m
2025-12-14 01:49:45 +00:00: 
2025-12-14 01:49:45 +00:00: [1;31m[404] HEAD /test.log[0m
2025-12-14 01:49:45 +00:00: 
2025-12-14 01:49:45 +00:00: [1;31m[404] HEAD /version.txt[0m
2025-12-14 01:49:45 +00:00: 
2025-12-14 01:49:45 +00:00: [1;31m[404] HEAD /readme.md[0m
2025-12-14 01:49:45 +00:00: 
2025-12-14 01:49:45 +00:00: [1;31m[404] HEAD /readme.txt[0m
2025-12-14 01:49:45 +00:00: 
2025-12-14 01:49:45 +00:00: [1;31m[404] HEAD /README[0m
2025-12-14 01:49:45 +00:00: 
2025-12-14 01:49:45 +00:00: [1;31m[404] HEAD /CHANGELOG[0m
2025-12-14 01:49:45 +00:00: 
2025-12-14 01:49:45 +00:00: [1;31m[404] HEAD /CHANGELOG.md[0m
2025-12-14 01:49:45 +00:00: 
2025-12-14 01:49:45 +00:00: [1;31m[404] HEAD /LICENSE[0m
2025-12-14 01:49:45 +00:00: 
2025-12-14 01:49:45 +00:00: [1;31m[404] HEAD /LICENSE.txt[0m
2025-12-14 01:49:45 +00:00: 
2025-12-14 01:49:45 +00:00: [1;31m[404] HEAD /humans.txt[0m
2025-12-14 01:49:45 +00:00: 
2025-12-14 01:49:45 +00:00: [1;31m[404] HEAD /docker-compose.yml[0m
2025-12-14 01:49:45 +00:00: 
2025-12-14 01:49:45 +00:00: [1;31m[404] HEAD /Dockerfile[0m
2025-12-14 01:49:45 +00:00: 
2025-12-14 01:49:45 +00:00: [1;31m[404] HEAD /docker-compose.override.yml[0m
2025-12-14 01:49:45 +00:00: 
2025-12-14 01:49:45 +00:00: [1;31m[404] HEAD /Vagrantfile[0m
2025-12-14 01:49:45 +00:00: 
2025-12-14 01:49:45 +00:00: [1;31m[404] HEAD /Procfile[0m
2025-12-14 01:49:45 +00:00: 
2025-12-14 01:49:45 +00:00: [1;31m[404] HEAD /Makefile[0m
2025-12-14 01:49:45 +00:00: 
2025-12-14 01:49:45 +00:00: [1;31m[404] HEAD /build.gradle[0m
2025-12-14 01:49:45 +00:00: 
2025-12-14 01:49:45 +00:00: [1;31m[404] HEAD /pom.xml[0m
2025-12-14 01:49:45 +00:00: 
2025-12-14 01:49:45 +00:00: [1;31m[404] HEAD /package.json[0m
2025-12-14 01:49:45 +00:00: 
2025-12-14 01:49:45 +00:00: [1;31m[404] HEAD /package-lock.json[0m
2025-12-14 01:49:45 +00:00: 
2025-12-14 01:49:45 +00:00: [1;31m[404] HEAD /yarn.lock[0m
2025-12-14 01:49:45 +00:00: 
2025-12-14 01:49:45 +00:00: [1;31m[404] HEAD /composer.json[0m
2025-12-14 01:49:45 +00:00: 
2025-12-14 01:49:45 +00:00: [1;31m[404] HEAD /composer.lock[0m
2025-12-14 01:49:45 +00:00: 
2025-12-14 01:49:45 +00:00: [1;31m[404] HEAD /Gemfile[0m
2025-12-14 01:49:45 +00:00: 
2025-12-14 01:49:45 +00:00: [1;31m[404] HEAD /Gemfile.lock[0m
2025-12-14 01:49:45 +00:00: 
2025-12-14 01:49:45 +00:00: [1;31m[404] HEAD /build.xml[0m
2025-12-14 01:49:45 +00:00: 
2025-12-14 01:49:45 +00:00: [1;31m[404] HEAD /requirements.txt[0m
2025-12-14 01:49:45 +00:00: 
2025-12-14 01:49:45 +00:00: [1;31m[404] HEAD /pipfile[0m
2025-12-14 01:49:45 +00:00: 
2025-12-14 01:49:45 +00:00: [1;31m[404] HEAD /pipfile.lock[0m
2025-12-14 01:49:45 +00:00: 
2025-12-14 01:49:45 +00:00: [1;31m[404] HEAD /poetry.lock[0m
2025-12-14 01:49:45 +00:00: 
2025-12-14 01:49:45 +00:00: [1;31m[404] HEAD /environment.yml[0m
2025-12-14 01:49:45 +00:00: 
2025-12-14 01:49:45 +00:00: [1;31m[404] HEAD /pnpm-lock.yaml[0m
2025-12-14 01:49:45 +00:00: 
2025-12-14 01:49:45 +00:00: [1;31m[404] HEAD /credentials.json[0m
2025-12-14 01:49:45 +00:00: 
2025-12-14 01:49:45 +00:00: [1;31m[404] HEAD /secrets.json[0m
2025-12-14 01:49:45 +00:00: 
2025-12-14 01:49:45 +00:00: [1;31m[404] HEAD /secret.key[0m
2025-12-14 01:49:45 +00:00: 
2025-12-14 01:49:45 +00:00: [1;31m[404] HEAD /apikey.txt[0m
2025-12-14 01:49:45 +00:00: 
2025-12-14 01:49:45 +00:00: [1;31m[404] HEAD /token.txt[0m
2025-12-14 01:49:45 +00:00: 
2025-12-14 01:49:45 +00:00: [1;31m[404] GET /webjars/swagger-ui/index.html[0m
2025-12-14 01:49:45 +00:00: 
2025-12-14 01:49:45 +00:00: [1;31m[404] GET /webjars/swagger-ui/index.html[0m
2025-12-14 01:49:46 +00:00: 
2025-12-14 01:49:46 +00:00: [1;31m[404] GET /swagger.json[0m
2025-12-14 01:49:46 +00:00: 
2025-12-14 01:49:46 +00:00: [1;31m[404] GET /swagger.json[0m
2025-12-14 01:49:47 +00:00: 
2025-12-14 01:49:47 +00:00: [1;31m[404] GET /swagger/v1/swagger.json[0m
2025-12-14 01:49:47 +00:00: 
2025-12-14 01:49:47 +00:00: [1;31m[404] GET /swagger/v1/swagger.json[0m
2025-12-14 01:49:48 +00:00: 
2025-12-14 01:49:48 +00:00: [1;31m[404] GET /v2/api-docs[0m
2025-12-14 01:49:48 +00:00: 
2025-12-14 01:49:48 +00:00: [1;31m[404] GET /v2/api-docs[0m
2025-12-14 01:49:49 +00:00: 
2025-12-14 01:49:49 +00:00: [1;31m[404] GET /v3/api-docs[0m
2025-12-14 01:49:49 +00:00: 
2025-12-14 01:49:49 +00:00: [1;31m[404] GET /v3/api-docs[0m
2025-12-14 01:49:50 +00:00: 
2025-12-14 01:49:50 +00:00: [1;31m[404] GET /api-docs/swagger.json[0m
2025-12-14 01:49:50 +00:00: 
2025-12-14 01:49:50 +00:00: [1;31m[404] GET /api-docs/swagger.json[0m
2025-12-14 01:49:51 +00:00: 
2025-12-14 01:49:51 +00:00: [1;31m[404] GET /api/swagger.json[0m
2025-12-14 01:49:51 +00:00: 
2025-12-14 01:49:51 +00:00: [1;31m[404] GET /api/swagger.json[0m
2025-12-14 01:49:52 +00:00: 
2025-12-14 01:49:52 +00:00: [1;31m[404] GET /@vite/env[0m
2025-12-14 01:49:52 +00:00: 
2025-12-14 01:49:52 +00:00: [1;31m[404] GET /@vite/env[0m
2025-12-14 01:49:53 +00:00: 
2025-12-14 01:49:53 +00:00: [1;31m[404] GET /actuator/env[0m
2025-12-14 01:49:53 +00:00: 
2025-12-14 01:49:53 +00:00: [1;31m[404] GET /actuator/env[0m
2025-12-14 01:49:55 +00:00: 
2025-12-14 01:49:55 +00:00: [1;31m[404] GET /server[0m
2025-12-14 01:49:55 +00:00: 
2025-12-14 01:49:55 +00:00: [1;31m[404] GET /server[0m
2025-12-14 01:49:56 +00:00: 
2025-12-14 01:49:56 +00:00: [1;31m[404] GET /.vscode/sftp.json[0m
2025-12-14 01:49:56 +00:00: 
2025-12-14 01:49:56 +00:00: [1;31m[404] GET /.vscode/sftp.json[0m
2025-12-14 01:49:59 +00:00: 
2025-12-14 01:49:59 +00:00: [1;31m[404] GET /debug/default/view[0m
2025-12-14 01:49:59 +00:00: 
2025-12-14 01:49:59 +00:00: [1;31m[404] GET /debug/default/view[0m
2025-12-14 01:50:00 +00:00: 
2025-12-14 01:50:00 +00:00: [1;31m[404] GET /v2/_catalog[0m
2025-12-14 01:50:00 +00:00: 
2025-12-14 01:50:00 +00:00: [1;31m[404] GET /v2/_catalog[0m
2025-12-14 01:50:01 +00:00: 
2025-12-14 01:50:01 +00:00: [1;31m[404] GET /ecp/Current/exporttool/microsoft.exchange.ediscovery.exporttool.application[0m
2025-12-14 01:50:02 +00:00: 
2025-12-14 01:50:02 +00:00: [1;31m[404] GET /ecp/Current/exporttool/microsoft.exchange.ediscovery.exporttool.application[0m
2025-12-14 01:50:02 +00:00: 
2025-12-14 01:50:02 +00:00: [1;31m[404] GET /server-status[0m
2025-12-14 01:50:02 +00:00: 
2025-12-14 01:50:02 +00:00: [1;31m[404] GET /server-status[0m
2025-12-14 01:50:03 +00:00: 
2025-12-14 01:50:03 +00:00: [1;31m[404] GET /login.action[0m
2025-12-14 01:50:03 +00:00: 
2025-12-14 01:50:03 +00:00: [1;31m[404] GET /login.action[0m
2025-12-14 01:50:04 +00:00: 
2025-12-14 01:50:04 +00:00: [1;31m[404] GET /_all_dbs[0m
2025-12-14 01:50:04 +00:00: 
2025-12-14 01:50:04 +00:00: [1;31m[404] GET /_all_dbs[0m
2025-12-14 01:50:05 +00:00: 
2025-12-14 01:50:05 +00:00: [1;31m[404] GET /.DS_Store[0m
2025-12-14 01:50:05 +00:00: 
2025-12-14 01:50:05 +00:00: [1;31m[404] GET /.DS_Store[0m
2025-12-14 01:50:06 +00:00: 
2025-12-14 01:50:06 +00:00: [1;31m[404] GET /.env[0m
2025-12-14 01:50:06 +00:00: 
2025-12-14 01:50:06 +00:00: [1;31m[404] GET /.env[0m
2025-12-14 01:50:08 +00:00: 
2025-12-14 01:50:08 +00:00: [1;31m[404] GET /.git/config[0m
2025-12-14 01:50:08 +00:00: 
2025-12-14 01:50:08 +00:00: [1;31m[404] GET /.git/config[0m
2025-12-14 01:50:09 +00:00: 
2025-12-14 01:50:09 +00:00: [1;31m[404] GET /s/835313e28353e2630313e27383/_/;/META-INF/maven/com.atlassian.jira/jira-webapp-dist/pom.properties[0m
2025-12-14 01:50:10 +00:00: 
2025-12-14 01:50:10 +00:00: [1;31m[404] GET /s/835313e28353e2630313e27383/_/;/META-INF/maven/com.atlassian.jira/jira-webapp-dist/pom.properties[0m
2025-12-14 01:50:10 +00:00: 
2025-12-14 01:50:10 +00:00: [1;31m[404] GET /config.json[0m
2025-12-14 01:50:10 +00:00: 
2025-12-14 01:50:10 +00:00: [1;31m[404] GET /config.json[0m
2025-12-14 01:50:11 +00:00: 
2025-12-14 01:50:11 +00:00: [1;31m[404] GET /telescope/requests[0m
2025-12-14 01:50:11 +00:00: 
2025-12-14 01:50:11 +00:00: [1;31m[404] GET /telescope/requests[0m
